0 info it worked if it ends with ok
1 verbose cli [ 'C:\\Program Files\\nodejs\\\\node.exe',
1 verbose cli   'C:\\Program Files\\nodejs\\node_modules\\npm\\bin\\npm-cli.js',
1 verbose cli   'cache',
1 verbose cli   'clean',
1 verbose cli   '-f' ]
2 info using npm@2.11.3
3 info using node@v0.12.7
4 warn using --force I sure hope you know what you are doing.
5 silly ls normalized .
6 silly gentlyRm C:\Users\thammw\AppData\Roaming\npm-cache\_locks is being purged
7 verbose gentlyRm don't care about contents; nuking C:\Users\thammw\AppData\Roaming\npm-cache\_locks
8 silly gentlyRm C:\Users\thammw\AppData\Roaming\npm-cache\ansi-regex is being purged
9 verbose gentlyRm don't care about contents; nuking C:\Users\thammw\AppData\Roaming\npm-cache\ansi-regex
10 silly gentlyRm C:\Users\thammw\AppData\Roaming\npm-cache\ansi-styles is being purged
11 verbose gentlyRm don't care about contents; nuking C:\Users\thammw\AppData\Roaming\npm-cache\ansi-styles
12 silly gentlyRm C:\Users\thammw\AppData\Roaming\npm-cache\asn1 is being purged
13 verbose gentlyRm don't care about contents; nuking C:\Users\thammw\AppData\Roaming\npm-cache\asn1
14 silly gentlyRm C:\Users\thammw\AppData\Roaming\npm-cache\assert-plus is being purged
15 verbose gentlyRm don't care about contents; nuking C:\Users\thammw\AppData\Roaming\npm-cache\assert-plus
16 silly gentlyRm C:\Users\thammw\AppData\Roaming\npm-cache\async is being purged
17 verbose gentlyRm don't care about contents; nuking C:\Users\thammw\AppData\Roaming\npm-cache\async
18 silly gentlyRm C:\Users\thammw\AppData\Roaming\npm-cache\aws-sign2 is being purged
19 verbose gentlyRm don't care about contents; nuking C:\Users\thammw\AppData\Roaming\npm-cache\aws-sign2
20 silly gentlyRm C:\Users\thammw\AppData\Roaming\npm-cache\balanced-match is being purged
21 verbose gentlyRm don't care about contents; nuking C:\Users\thammw\AppData\Roaming\npm-cache\balanced-match
22 silly gentlyRm C:\Users\thammw\AppData\Roaming\npm-cache\bl is being purged
23 verbose gentlyRm don't care about contents; nuking C:\Users\thammw\AppData\Roaming\npm-cache\bl
24 silly gentlyRm C:\Users\thammw\AppData\Roaming\npm-cache\boom is being purged
25 verbose gentlyRm don't care about contents; nuking C:\Users\thammw\AppData\Roaming\npm-cache\boom
26 silly gentlyRm C:\Users\thammw\AppData\Roaming\npm-cache\brace-expansion is being purged
27 verbose gentlyRm don't care about contents; nuking C:\Users\thammw\AppData\Roaming\npm-cache\brace-expansion
28 silly gentlyRm C:\Users\thammw\AppData\Roaming\npm-cache\builtin-modules is being purged
29 verbose gentlyRm don't care about contents; nuking C:\Users\thammw\AppData\Roaming\npm-cache\builtin-modules
30 silly gentlyRm C:\Users\thammw\AppData\Roaming\npm-cache\camelcase is being purged
31 verbose gentlyRm don't care about contents; nuking C:\Users\thammw\AppData\Roaming\npm-cache\camelcase
32 silly gentlyRm C:\Users\thammw\AppData\Roaming\npm-cache\camelcase-keys is being purged
33 verbose gentlyRm don't care about contents; nuking C:\Users\thammw\AppData\Roaming\npm-cache\camelcase-keys
34 silly gentlyRm C:\Users\thammw\AppData\Roaming\npm-cache\caseless is being purged
35 verbose gentlyRm don't care about contents; nuking C:\Users\thammw\AppData\Roaming\npm-cache\caseless
36 silly gentlyRm C:\Users\thammw\AppData\Roaming\npm-cache\chalk is being purged
37 verbose gentlyRm don't care about contents; nuking C:\Users\thammw\AppData\Roaming\npm-cache\chalk
38 silly gentlyRm C:\Users\thammw\AppData\Roaming\npm-cache\combined-stream is being purged
39 verbose gentlyRm don't care about contents; nuking C:\Users\thammw\AppData\Roaming\npm-cache\combined-stream
40 silly gentlyRm C:\Users\thammw\AppData\Roaming\npm-cache\commander is being purged
41 verbose gentlyRm don't care about contents; nuking C:\Users\thammw\AppData\Roaming\npm-cache\commander
42 silly gentlyRm C:\Users\thammw\AppData\Roaming\npm-cache\concat-map is being purged
43 verbose gentlyRm don't care about contents; nuking C:\Users\thammw\AppData\Roaming\npm-cache\concat-map
44 silly gentlyRm C:\Users\thammw\AppData\Roaming\npm-cache\concat-stream is being purged
45 verbose gentlyRm don't care about contents; nuking C:\Users\thammw\AppData\Roaming\npm-cache\concat-stream
46 silly gentlyRm C:\Users\thammw\AppData\Roaming\npm-cache\core-util-is is being purged
47 verbose gentlyRm don't care about contents; nuking C:\Users\thammw\AppData\Roaming\npm-cache\core-util-is
48 silly gentlyRm C:\Users\thammw\AppData\Roaming\npm-cache\cryptiles is being purged
49 verbose gentlyRm don't care about contents; nuking C:\Users\thammw\AppData\Roaming\npm-cache\cryptiles
50 silly gentlyRm C:\Users\thammw\AppData\Roaming\npm-cache\ctype is being purged
51 verbose gentlyRm don't care about contents; nuking C:\Users\thammw\AppData\Roaming\npm-cache\ctype
52 silly gentlyRm C:\Users\thammw\AppData\Roaming\npm-cache\debug is being purged
53 verbose gentlyRm don't care about contents; nuking C:\Users\thammw\AppData\Roaming\npm-cache\debug
54 silly gentlyRm C:\Users\thammw\AppData\Roaming\npm-cache\delayed-stream is being purged
55 verbose gentlyRm don't care about contents; nuking C:\Users\thammw\AppData\Roaming\npm-cache\delayed-stream
56 silly gentlyRm C:\Users\thammw\AppData\Roaming\npm-cache\electron-download is being purged
57 verbose gentlyRm don't care about contents; nuking C:\Users\thammw\AppData\Roaming\npm-cache\electron-download
58 silly gentlyRm C:\Users\thammw\AppData\Roaming\npm-cache\electron-prebuilt is being purged
59 verbose gentlyRm don't care about contents; nuking C:\Users\thammw\AppData\Roaming\npm-cache\electron-prebuilt
60 silly gentlyRm C:\Users\thammw\AppData\Roaming\npm-cache\error-ex is being purged
61 verbose gentlyRm don't care about contents; nuking C:\Users\thammw\AppData\Roaming\npm-cache\error-ex
62 silly gentlyRm C:\Users\thammw\AppData\Roaming\npm-cache\escape-string-regexp is being purged
63 verbose gentlyRm don't care about contents; nuking C:\Users\thammw\AppData\Roaming\npm-cache\escape-string-regexp
64 silly gentlyRm C:\Users\thammw\AppData\Roaming\npm-cache\extend is being purged
65 verbose gentlyRm don't care about contents; nuking C:\Users\thammw\AppData\Roaming\npm-cache\extend
66 silly gentlyRm C:\Users\thammw\AppData\Roaming\npm-cache\extract-zip is being purged
67 verbose gentlyRm don't care about contents; nuking C:\Users\thammw\AppData\Roaming\npm-cache\extract-zip
68 silly gentlyRm C:\Users\thammw\AppData\Roaming\npm-cache\fd-slicer is being purged
69 verbose gentlyRm don't care about contents; nuking C:\Users\thammw\AppData\Roaming\npm-cache\fd-slicer
70 silly gentlyRm C:\Users\thammw\AppData\Roaming\npm-cache\find-up is being purged
71 verbose gentlyRm don't care about contents; nuking C:\Users\thammw\AppData\Roaming\npm-cache\find-up
72 silly gentlyRm C:\Users\thammw\AppData\Roaming\npm-cache\forever-agent is being purged
73 verbose gentlyRm don't care about contents; nuking C:\Users\thammw\AppData\Roaming\npm-cache\forever-agent
74 silly gentlyRm C:\Users\thammw\AppData\Roaming\npm-cache\form-data is being purged
75 verbose gentlyRm don't care about contents; nuking C:\Users\thammw\AppData\Roaming\npm-cache\form-data
76 silly gentlyRm C:\Users\thammw\AppData\Roaming\npm-cache\generate-function is being purged
77 verbose gentlyRm don't care about contents; nuking C:\Users\thammw\AppData\Roaming\npm-cache\generate-function
78 silly gentlyRm C:\Users\thammw\AppData\Roaming\npm-cache\generate-object-property is being purged
79 verbose gentlyRm don't care about contents; nuking C:\Users\thammw\AppData\Roaming\npm-cache\generate-object-property
80 silly gentlyRm C:\Users\thammw\AppData\Roaming\npm-cache\get-stdin is being purged
81 verbose gentlyRm don't care about contents; nuking C:\Users\thammw\AppData\Roaming\npm-cache\get-stdin
82 silly gentlyRm C:\Users\thammw\AppData\Roaming\npm-cache\glob is being purged
83 verbose gentlyRm don't care about contents; nuking C:\Users\thammw\AppData\Roaming\npm-cache\glob
84 silly gentlyRm C:\Users\thammw\AppData\Roaming\npm-cache\graceful-fs is being purged
85 verbose gentlyRm don't care about contents; nuking C:\Users\thammw\AppData\Roaming\npm-cache\graceful-fs
86 silly gentlyRm C:\Users\thammw\AppData\Roaming\npm-cache\graceful-readlink is being purged
87 verbose gentlyRm don't care about contents; nuking C:\Users\thammw\AppData\Roaming\npm-cache\graceful-readlink
88 silly gentlyRm C:\Users\thammw\AppData\Roaming\npm-cache\har-validator is being purged
89 verbose gentlyRm don't care about contents; nuking C:\Users\thammw\AppData\Roaming\npm-cache\har-validator
90 silly gentlyRm C:\Users\thammw\AppData\Roaming\npm-cache\has-ansi is being purged
91 verbose gentlyRm don't care about contents; nuking C:\Users\thammw\AppData\Roaming\npm-cache\has-ansi
92 silly gentlyRm C:\Users\thammw\AppData\Roaming\npm-cache\hawk is being purged
93 verbose gentlyRm don't care about contents; nuking C:\Users\thammw\AppData\Roaming\npm-cache\hawk
94 silly gentlyRm C:\Users\thammw\AppData\Roaming\npm-cache\hoek is being purged
95 verbose gentlyRm don't care about contents; nuking C:\Users\thammw\AppData\Roaming\npm-cache\hoek
96 silly gentlyRm C:\Users\thammw\AppData\Roaming\npm-cache\home-path is being purged
97 verbose gentlyRm don't care about contents; nuking C:\Users\thammw\AppData\Roaming\npm-cache\home-path
98 silly gentlyRm C:\Users\thammw\AppData\Roaming\npm-cache\hosted-git-info is being purged
99 verbose gentlyRm don't care about contents; nuking C:\Users\thammw\AppData\Roaming\npm-cache\hosted-git-info
100 silly gentlyRm C:\Users\thammw\AppData\Roaming\npm-cache\http-signature is being purged
101 verbose gentlyRm don't care about contents; nuking C:\Users\thammw\AppData\Roaming\npm-cache\http-signature
102 silly gentlyRm C:\Users\thammw\AppData\Roaming\npm-cache\indent-string is being purged
103 verbose gentlyRm don't care about contents; nuking C:\Users\thammw\AppData\Roaming\npm-cache\indent-string
104 silly gentlyRm C:\Users\thammw\AppData\Roaming\npm-cache\inflight is being purged
105 verbose gentlyRm don't care about contents; nuking C:\Users\thammw\AppData\Roaming\npm-cache\inflight
106 silly gentlyRm C:\Users\thammw\AppData\Roaming\npm-cache\inherits is being purged
107 verbose gentlyRm don't care about contents; nuking C:\Users\thammw\AppData\Roaming\npm-cache\inherits
108 silly gentlyRm C:\Users\thammw\AppData\Roaming\npm-cache\is-builtin-module is being purged
109 verbose gentlyRm don't care about contents; nuking C:\Users\thammw\AppData\Roaming\npm-cache\is-builtin-module
110 silly gentlyRm C:\Users\thammw\AppData\Roaming\npm-cache\is-finite is being purged
111 verbose gentlyRm don't care about contents; nuking C:\Users\thammw\AppData\Roaming\npm-cache\is-finite
112 silly gentlyRm C:\Users\thammw\AppData\Roaming\npm-cache\is-my-json-valid is being purged
113 verbose gentlyRm don't care about contents; nuking C:\Users\thammw\AppData\Roaming\npm-cache\is-my-json-valid
114 silly gentlyRm C:\Users\thammw\AppData\Roaming\npm-cache\is-property is being purged
115 verbose gentlyRm don't care about contents; nuking C:\Users\thammw\AppData\Roaming\npm-cache\is-property
116 silly gentlyRm C:\Users\thammw\AppData\Roaming\npm-cache\is-utf8 is being purged
117 verbose gentlyRm don't care about contents; nuking C:\Users\thammw\AppData\Roaming\npm-cache\is-utf8
118 silly gentlyRm C:\Users\thammw\AppData\Roaming\npm-cache\isarray is being purged
119 verbose gentlyRm don't care about contents; nuking C:\Users\thammw\AppData\Roaming\npm-cache\isarray
120 silly gentlyRm C:\Users\thammw\AppData\Roaming\npm-cache\isstream is being purged
121 verbose gentlyRm don't care about contents; nuking C:\Users\thammw\AppData\Roaming\npm-cache\isstream
122 silly gentlyRm C:\Users\thammw\AppData\Roaming\npm-cache\json-stringify-safe is being purged
123 verbose gentlyRm don't care about contents; nuking C:\Users\thammw\AppData\Roaming\npm-cache\json-stringify-safe
124 silly gentlyRm C:\Users\thammw\AppData\Roaming\npm-cache\jsonpointer is being purged
125 verbose gentlyRm don't care about contents; nuking C:\Users\thammw\AppData\Roaming\npm-cache\jsonpointer
126 silly gentlyRm C:\Users\thammw\AppData\Roaming\npm-cache\load-json-file is being purged
127 verbose gentlyRm don't care about contents; nuking C:\Users\thammw\AppData\Roaming\npm-cache\load-json-file
128 silly gentlyRm C:\Users\thammw\AppData\Roaming\npm-cache\loud-rejection is being purged
129 verbose gentlyRm don't care about contents; nuking C:\Users\thammw\AppData\Roaming\npm-cache\loud-rejection
130 silly gentlyRm C:\Users\thammw\AppData\Roaming\npm-cache\map-obj is being purged
131 verbose gentlyRm don't care about contents; nuking C:\Users\thammw\AppData\Roaming\npm-cache\map-obj
132 silly gentlyRm C:\Users\thammw\AppData\Roaming\npm-cache\meow is being purged
133 verbose gentlyRm don't care about contents; nuking C:\Users\thammw\AppData\Roaming\npm-cache\meow
134 silly gentlyRm C:\Users\thammw\AppData\Roaming\npm-cache\mime-db is being purged
135 verbose gentlyRm don't care about contents; nuking C:\Users\thammw\AppData\Roaming\npm-cache\mime-db
136 silly gentlyRm C:\Users\thammw\AppData\Roaming\npm-cache\mime-types is being purged
137 verbose gentlyRm don't care about contents; nuking C:\Users\thammw\AppData\Roaming\npm-cache\mime-types
138 silly gentlyRm C:\Users\thammw\AppData\Roaming\npm-cache\minimatch is being purged
139 verbose gentlyRm don't care about contents; nuking C:\Users\thammw\AppData\Roaming\npm-cache\minimatch
140 silly gentlyRm C:\Users\thammw\AppData\Roaming\npm-cache\minimist is being purged
141 verbose gentlyRm don't care about contents; nuking C:\Users\thammw\AppData\Roaming\npm-cache\minimist
142 silly gentlyRm C:\Users\thammw\AppData\Roaming\npm-cache\mkdirp is being purged
143 verbose gentlyRm don't care about contents; nuking C:\Users\thammw\AppData\Roaming\npm-cache\mkdirp
144 silly gentlyRm C:\Users\thammw\AppData\Roaming\npm-cache\ms is being purged
145 verbose gentlyRm don't care about contents; nuking C:\Users\thammw\AppData\Roaming\npm-cache\ms
146 silly gentlyRm C:\Users\thammw\AppData\Roaming\npm-cache\mv is being purged
147 verbose gentlyRm don't care about contents; nuking C:\Users\thammw\AppData\Roaming\npm-cache\mv
148 silly gentlyRm C:\Users\thammw\AppData\Roaming\npm-cache\nan is being purged
149 verbose gentlyRm don't care about contents; nuking C:\Users\thammw\AppData\Roaming\npm-cache\nan
150 silly gentlyRm C:\Users\thammw\AppData\Roaming\npm-cache\ncp is being purged
151 verbose gentlyRm don't care about contents; nuking C:\Users\thammw\AppData\Roaming\npm-cache\ncp
152 silly gentlyRm C:\Users\thammw\AppData\Roaming\npm-cache\node-uuid is being purged
153 verbose gentlyRm don't care about contents; nuking C:\Users\thammw\AppData\Roaming\npm-cache\node-uuid
154 silly gentlyRm C:\Users\thammw\AppData\Roaming\npm-cache\normalize-package-data is being purged
155 verbose gentlyRm don't care about contents; nuking C:\Users\thammw\AppData\Roaming\npm-cache\normalize-package-data
156 silly gentlyRm C:\Users\thammw\AppData\Roaming\npm-cache\npm is being purged
157 verbose gentlyRm don't care about contents; nuking C:\Users\thammw\AppData\Roaming\npm-cache\npm
158 silly gentlyRm C:\Users\thammw\AppData\Roaming\npm-cache\nugget is being purged
159 verbose gentlyRm don't care about contents; nuking C:\Users\thammw\AppData\Roaming\npm-cache\nugget
160 silly gentlyRm C:\Users\thammw\AppData\Roaming\npm-cache\number-is-nan is being purged
161 verbose gentlyRm don't care about contents; nuking C:\Users\thammw\AppData\Roaming\npm-cache\number-is-nan
162 silly gentlyRm C:\Users\thammw\AppData\Roaming\npm-cache\oauth-sign is being purged
163 verbose gentlyRm don't care about contents; nuking C:\Users\thammw\AppData\Roaming\npm-cache\oauth-sign
164 silly gentlyRm C:\Users\thammw\AppData\Roaming\npm-cache\object-assign is being purged
165 verbose gentlyRm don't care about contents; nuking C:\Users\thammw\AppData\Roaming\npm-cache\object-assign
166 silly gentlyRm C:\Users\thammw\AppData\Roaming\npm-cache\object-keys is being purged
167 verbose gentlyRm don't care about contents; nuking C:\Users\thammw\AppData\Roaming\npm-cache\object-keys
168 silly gentlyRm C:\Users\thammw\AppData\Roaming\npm-cache\once is being purged
169 verbose gentlyRm don't care about contents; nuking C:\Users\thammw\AppData\Roaming\npm-cache\once
170 silly gentlyRm C:\Users\thammw\AppData\Roaming\npm-cache\parse-json is being purged
171 verbose gentlyRm don't care about contents; nuking C:\Users\thammw\AppData\Roaming\npm-cache\parse-json
172 silly gentlyRm C:\Users\thammw\AppData\Roaming\npm-cache\path-exists is being purged
173 verbose gentlyRm don't care about contents; nuking C:\Users\thammw\AppData\Roaming\npm-cache\path-exists
174 silly gentlyRm C:\Users\thammw\AppData\Roaming\npm-cache\path-is-absolute is being purged
175 verbose gentlyRm don't care about contents; nuking C:\Users\thammw\AppData\Roaming\npm-cache\path-is-absolute
176 silly gentlyRm C:\Users\thammw\AppData\Roaming\npm-cache\path-type is being purged
177 verbose gentlyRm don't care about contents; nuking C:\Users\thammw\AppData\Roaming\npm-cache\path-type
178 silly gentlyRm C:\Users\thammw\AppData\Roaming\npm-cache\pend is being purged
179 verbose gentlyRm don't care about contents; nuking C:\Users\thammw\AppData\Roaming\npm-cache\pend
180 silly gentlyRm C:\Users\thammw\AppData\Roaming\npm-cache\pify is being purged
181 verbose gentlyRm don't care about contents; nuking C:\Users\thammw\AppData\Roaming\npm-cache\pify
182 silly gentlyRm C:\Users\thammw\AppData\Roaming\npm-cache\pinkie is being purged
183 verbose gentlyRm don't care about contents; nuking C:\Users\thammw\AppData\Roaming\npm-cache\pinkie
184 silly gentlyRm C:\Users\thammw\AppData\Roaming\npm-cache\pinkie-promise is being purged
185 verbose gentlyRm don't care about contents; nuking C:\Users\thammw\AppData\Roaming\npm-cache\pinkie-promise
186 silly gentlyRm C:\Users\thammw\AppData\Roaming\npm-cache\pretty-bytes is being purged
187 verbose gentlyRm don't care about contents; nuking C:\Users\thammw\AppData\Roaming\npm-cache\pretty-bytes
188 silly gentlyRm C:\Users\thammw\AppData\Roaming\npm-cache\process-nextick-args is being purged
189 verbose gentlyRm don't care about contents; nuking C:\Users\thammw\AppData\Roaming\npm-cache\process-nextick-args
190 silly gentlyRm C:\Users\thammw\AppData\Roaming\npm-cache\progress-stream is being purged
191 verbose gentlyRm don't care about contents; nuking C:\Users\thammw\AppData\Roaming\npm-cache\progress-stream
192 silly gentlyRm C:\Users\thammw\AppData\Roaming\npm-cache\qs is being purged
193 verbose gentlyRm don't care about contents; nuking C:\Users\thammw\AppData\Roaming\npm-cache\qs
194 silly gentlyRm C:\Users\thammw\AppData\Roaming\npm-cache\read-pkg is being purged
195 verbose gentlyRm don't care about contents; nuking C:\Users\thammw\AppData\Roaming\npm-cache\read-pkg
196 silly gentlyRm C:\Users\thammw\AppData\Roaming\npm-cache\read-pkg-up is being purged
197 verbose gentlyRm don't care about contents; nuking C:\Users\thammw\AppData\Roaming\npm-cache\read-pkg-up
198 silly gentlyRm C:\Users\thammw\AppData\Roaming\npm-cache\readable-stream is being purged
199 verbose gentlyRm don't care about contents; nuking C:\Users\thammw\AppData\Roaming\npm-cache\readable-stream
200 silly gentlyRm C:\Users\thammw\AppData\Roaming\npm-cache\redent is being purged
201 verbose gentlyRm don't care about contents; nuking C:\Users\thammw\AppData\Roaming\npm-cache\redent
202 silly gentlyRm C:\Users\thammw\AppData\Roaming\npm-cache\registry.npmjs.org is being purged
203 verbose gentlyRm don't care about contents; nuking C:\Users\thammw\AppData\Roaming\npm-cache\registry.npmjs.org
204 silly gentlyRm C:\Users\thammw\AppData\Roaming\npm-cache\repeating is being purged
205 verbose gentlyRm don't care about contents; nuking C:\Users\thammw\AppData\Roaming\npm-cache\repeating
206 silly gentlyRm C:\Users\thammw\AppData\Roaming\npm-cache\request is being purged
207 verbose gentlyRm don't care about contents; nuking C:\Users\thammw\AppData\Roaming\npm-cache\request
208 silly gentlyRm C:\Users\thammw\AppData\Roaming\npm-cache\rimraf is being purged
209 verbose gentlyRm don't care about contents; nuking C:\Users\thammw\AppData\Roaming\npm-cache\rimraf
210 silly gentlyRm C:\Users\thammw\AppData\Roaming\npm-cache\robotjs is being purged
211 verbose gentlyRm don't care about contents; nuking C:\Users\thammw\AppData\Roaming\npm-cache\robotjs
212 silly gentlyRm C:\Users\thammw\AppData\Roaming\npm-cache\semver is being purged
213 verbose gentlyRm don't care about contents; nuking C:\Users\thammw\AppData\Roaming\npm-cache\semver
214 silly gentlyRm C:\Users\thammw\AppData\Roaming\npm-cache\single-line-log is being purged
215 verbose gentlyRm don't care about contents; nuking C:\Users\thammw\AppData\Roaming\npm-cache\single-line-log
216 silly gentlyRm C:\Users\thammw\AppData\Roaming\npm-cache\sntp is being purged
217 verbose gentlyRm don't care about contents; nuking C:\Users\thammw\AppData\Roaming\npm-cache\sntp
218 silly gentlyRm C:\Users\thammw\AppData\Roaming\npm-cache\spdx-correct is being purged
219 verbose gentlyRm don't care about contents; nuking C:\Users\thammw\AppData\Roaming\npm-cache\spdx-correct
220 silly gentlyRm C:\Users\thammw\AppData\Roaming\npm-cache\spdx-exceptions is being purged
221 verbose gentlyRm don't care about contents; nuking C:\Users\thammw\AppData\Roaming\npm-cache\spdx-exceptions
222 silly gentlyRm C:\Users\thammw\AppData\Roaming\npm-cache\spdx-expression-parse is being purged
223 verbose gentlyRm don't care about contents; nuking C:\Users\thammw\AppData\Roaming\npm-cache\spdx-expression-parse
224 silly gentlyRm C:\Users\thammw\AppData\Roaming\npm-cache\spdx-license-ids is being purged
225 verbose gentlyRm don't care about contents; nuking C:\Users\thammw\AppData\Roaming\npm-cache\spdx-license-ids
226 silly gentlyRm C:\Users\thammw\AppData\Roaming\npm-cache\speedometer is being purged
227 verbose gentlyRm don't care about contents; nuking C:\Users\thammw\AppData\Roaming\npm-cache\speedometer
228 silly gentlyRm C:\Users\thammw\AppData\Roaming\npm-cache\string_decoder is being purged
229 verbose gentlyRm don't care about contents; nuking C:\Users\thammw\AppData\Roaming\npm-cache\string_decoder
230 silly gentlyRm C:\Users\thammw\AppData\Roaming\npm-cache\stringstream is being purged
231 verbose gentlyRm don't care about contents; nuking C:\Users\thammw\AppData\Roaming\npm-cache\stringstream
232 silly gentlyRm C:\Users\thammw\AppData\Roaming\npm-cache\strip-ansi is being purged
233 verbose gentlyRm don't care about contents; nuking C:\Users\thammw\AppData\Roaming\npm-cache\strip-ansi
234 silly gentlyRm C:\Users\thammw\AppData\Roaming\npm-cache\strip-bom is being purged
235 verbose gentlyRm don't care about contents; nuking C:\Users\thammw\AppData\Roaming\npm-cache\strip-bom
236 silly gentlyRm C:\Users\thammw\AppData\Roaming\npm-cache\strip-indent is being purged
237 verbose gentlyRm don't care about contents; nuking C:\Users\thammw\AppData\Roaming\npm-cache\strip-indent
238 silly gentlyRm C:\Users\thammw\AppData\Roaming\npm-cache\supports-color is being purged
239 verbose gentlyRm don't care about contents; nuking C:\Users\thammw\AppData\Roaming\npm-cache\supports-color
240 silly gentlyRm C:\Users\thammw\AppData\Roaming\npm-cache\throttleit is being purged
241 verbose gentlyRm don't care about contents; nuking C:\Users\thammw\AppData\Roaming\npm-cache\throttleit
242 silly gentlyRm C:\Users\thammw\AppData\Roaming\npm-cache\through2 is being purged
243 verbose gentlyRm don't care about contents; nuking C:\Users\thammw\AppData\Roaming\npm-cache\through2
244 silly gentlyRm C:\Users\thammw\AppData\Roaming\npm-cache\tough-cookie is being purged
245 verbose gentlyRm don't care about contents; nuking C:\Users\thammw\AppData\Roaming\npm-cache\tough-cookie
246 silly gentlyRm C:\Users\thammw\AppData\Roaming\npm-cache\trim-newlines is being purged
247 verbose gentlyRm don't care about contents; nuking C:\Users\thammw\AppData\Roaming\npm-cache\trim-newlines
248 silly gentlyRm C:\Users\thammw\AppData\Roaming\npm-cache\tunnel-agent is being purged
249 verbose gentlyRm don't care about contents; nuking C:\Users\thammw\AppData\Roaming\npm-cache\tunnel-agent
250 silly gentlyRm C:\Users\thammw\AppData\Roaming\npm-cache\typedarray is being purged
251 verbose gentlyRm don't care about contents; nuking C:\Users\thammw\AppData\Roaming\npm-cache\typedarray
252 silly gentlyRm C:\Users\thammw\AppData\Roaming\npm-cache\util-deprecate is being purged
253 verbose gentlyRm don't care about contents; nuking C:\Users\thammw\AppData\Roaming\npm-cache\util-deprecate
254 silly gentlyRm C:\Users\thammw\AppData\Roaming\npm-cache\validate-npm-package-license is being purged
255 verbose gentlyRm don't care about contents; nuking C:\Users\thammw\AppData\Roaming\npm-cache\validate-npm-package-license
256 silly gentlyRm C:\Users\thammw\AppData\Roaming\npm-cache\wrappy is being purged
257 verbose gentlyRm don't care about contents; nuking C:\Users\thammw\AppData\Roaming\npm-cache\wrappy
258 silly gentlyRm C:\Users\thammw\AppData\Roaming\npm-cache\xtend is being purged
259 verbose gentlyRm don't care about contents; nuking C:\Users\thammw\AppData\Roaming\npm-cache\xtend
260 silly gentlyRm C:\Users\thammw\AppData\Roaming\npm-cache\yauzl is being purged
261 verbose gentlyRm don't care about contents; nuking C:\Users\thammw\AppData\Roaming\npm-cache\yauzl
262 silly vacuum-fs purging C:\Users\thammw\AppData\Roaming\npm-cache\_locks
263 silly vacuum-fs purging C:\Users\thammw\AppData\Roaming\npm-cache\ansi-regex
264 silly vacuum-fs purging C:\Users\thammw\AppData\Roaming\npm-cache\ansi-styles
265 silly vacuum-fs purging C:\Users\thammw\AppData\Roaming\npm-cache\asn1
266 silly vacuum-fs purging C:\Users\thammw\AppData\Roaming\npm-cache\assert-plus
267 silly vacuum-fs purging C:\Users\thammw\AppData\Roaming\npm-cache\async
268 silly vacuum-fs purging C:\Users\thammw\AppData\Roaming\npm-cache\aws-sign2
269 silly vacuum-fs purging C:\Users\thammw\AppData\Roaming\npm-cache\balanced-match
270 silly vacuum-fs purging C:\Users\thammw\AppData\Roaming\npm-cache\bl
271 silly vacuum-fs purging C:\Users\thammw\AppData\Roaming\npm-cache\boom
272 silly vacuum-fs purging C:\Users\thammw\AppData\Roaming\npm-cache\brace-expansion
273 silly vacuum-fs purging C:\Users\thammw\AppData\Roaming\npm-cache\builtin-modules
274 silly vacuum-fs purging C:\Users\thammw\AppData\Roaming\npm-cache\camelcase
275 silly vacuum-fs purging C:\Users\thammw\AppData\Roaming\npm-cache\camelcase-keys
276 silly vacuum-fs purging C:\Users\thammw\AppData\Roaming\npm-cache\caseless
277 silly vacuum-fs purging C:\Users\thammw\AppData\Roaming\npm-cache\chalk
278 silly vacuum-fs purging C:\Users\thammw\AppData\Roaming\npm-cache\combined-stream
279 silly vacuum-fs purging C:\Users\thammw\AppData\Roaming\npm-cache\commander
280 silly vacuum-fs purging C:\Users\thammw\AppData\Roaming\npm-cache\concat-map
281 silly vacuum-fs purging C:\Users\thammw\AppData\Roaming\npm-cache\concat-stream
282 silly vacuum-fs purging C:\Users\thammw\AppData\Roaming\npm-cache\core-util-is
283 silly vacuum-fs purging C:\Users\thammw\AppData\Roaming\npm-cache\cryptiles
284 silly vacuum-fs purging C:\Users\thammw\AppData\Roaming\npm-cache\ctype
285 silly vacuum-fs purging C:\Users\thammw\AppData\Roaming\npm-cache\debug
286 silly vacuum-fs purging C:\Users\thammw\AppData\Roaming\npm-cache\delayed-stream
287 silly vacuum-fs purging C:\Users\thammw\AppData\Roaming\npm-cache\electron-download
288 silly vacuum-fs purging C:\Users\thammw\AppData\Roaming\npm-cache\electron-prebuilt
289 silly vacuum-fs purging C:\Users\thammw\AppData\Roaming\npm-cache\error-ex
290 silly vacuum-fs purging C:\Users\thammw\AppData\Roaming\npm-cache\escape-string-regexp
291 silly vacuum-fs purging C:\Users\thammw\AppData\Roaming\npm-cache\extend
292 silly vacuum-fs purging C:\Users\thammw\AppData\Roaming\npm-cache\extract-zip
293 silly vacuum-fs purging C:\Users\thammw\AppData\Roaming\npm-cache\fd-slicer
294 silly vacuum-fs purging C:\Users\thammw\AppData\Roaming\npm-cache\find-up
295 silly vacuum-fs purging C:\Users\thammw\AppData\Roaming\npm-cache\forever-agent
296 silly vacuum-fs purging C:\Users\thammw\AppData\Roaming\npm-cache\form-data
297 silly vacuum-fs purging C:\Users\thammw\AppData\Roaming\npm-cache\generate-function
298 silly vacuum-fs purging C:\Users\thammw\AppData\Roaming\npm-cache\generate-object-property
299 silly vacuum-fs purging C:\Users\thammw\AppData\Roaming\npm-cache\get-stdin
300 silly vacuum-fs purging C:\Users\thammw\AppData\Roaming\npm-cache\glob
301 silly vacuum-fs purging C:\Users\thammw\AppData\Roaming\npm-cache\graceful-fs
302 silly vacuum-fs purging C:\Users\thammw\AppData\Roaming\npm-cache\graceful-readlink
303 silly vacuum-fs purging C:\Users\thammw\AppData\Roaming\npm-cache\har-validator
304 silly vacuum-fs purging C:\Users\thammw\AppData\Roaming\npm-cache\has-ansi
305 silly vacuum-fs purging C:\Users\thammw\AppData\Roaming\npm-cache\hawk
306 silly vacuum-fs purging C:\Users\thammw\AppData\Roaming\npm-cache\hoek
307 silly vacuum-fs purging C:\Users\thammw\AppData\Roaming\npm-cache\home-path
308 silly vacuum-fs purging C:\Users\thammw\AppData\Roaming\npm-cache\hosted-git-info
309 silly vacuum-fs purging C:\Users\thammw\AppData\Roaming\npm-cache\http-signature
310 silly vacuum-fs purging C:\Users\thammw\AppData\Roaming\npm-cache\indent-string
311 silly vacuum-fs purging C:\Users\thammw\AppData\Roaming\npm-cache\inflight
312 silly vacuum-fs purging C:\Users\thammw\AppData\Roaming\npm-cache\inherits
313 silly vacuum-fs purging C:\Users\thammw\AppData\Roaming\npm-cache\is-builtin-module
314 silly vacuum-fs purging C:\Users\thammw\AppData\Roaming\npm-cache\is-finite
315 silly vacuum-fs purging C:\Users\thammw\AppData\Roaming\npm-cache\is-my-json-valid
316 silly vacuum-fs purging C:\Users\thammw\AppData\Roaming\npm-cache\is-property
317 silly vacuum-fs purging C:\Users\thammw\AppData\Roaming\npm-cache\is-utf8
318 silly vacuum-fs purging C:\Users\thammw\AppData\Roaming\npm-cache\isarray
319 silly vacuum-fs purging C:\Users\thammw\AppData\Roaming\npm-cache\isstream
320 silly vacuum-fs purging C:\Users\thammw\AppData\Roaming\npm-cache\json-stringify-safe
321 silly vacuum-fs purging C:\Users\thammw\AppData\Roaming\npm-cache\jsonpointer
322 silly vacuum-fs purging C:\Users\thammw\AppData\Roaming\npm-cache\load-json-file
323 silly vacuum-fs purging C:\Users\thammw\AppData\Roaming\npm-cache\loud-rejection
324 silly vacuum-fs purging C:\Users\thammw\AppData\Roaming\npm-cache\map-obj
325 silly vacuum-fs purging C:\Users\thammw\AppData\Roaming\npm-cache\meow
326 silly vacuum-fs purging C:\Users\thammw\AppData\Roaming\npm-cache\mime-db
327 silly vacuum-fs purging C:\Users\thammw\AppData\Roaming\npm-cache\mime-types
328 silly vacuum-fs purging C:\Users\thammw\AppData\Roaming\npm-cache\minimatch
329 silly vacuum-fs purging C:\Users\thammw\AppData\Roaming\npm-cache\minimist
330 silly vacuum-fs purging C:\Users\thammw\AppData\Roaming\npm-cache\mkdirp
331 silly vacuum-fs purging C:\Users\thammw\AppData\Roaming\npm-cache\ms
332 silly vacuum-fs purging C:\Users\thammw\AppData\Roaming\npm-cache\mv
333 silly vacuum-fs purging C:\Users\thammw\AppData\Roaming\npm-cache\ncp
334 silly vacuum-fs purging C:\Users\thammw\AppData\Roaming\npm-cache\node-uuid
335 silly vacuum-fs purging C:\Users\thammw\AppData\Roaming\npm-cache\normalize-package-data
336 silly vacuum-fs purging C:\Users\thammw\AppData\Roaming\npm-cache\npm
337 silly vacuum-fs purging C:\Users\thammw\AppData\Roaming\npm-cache\nugget
338 silly vacuum-fs purging C:\Users\thammw\AppData\Roaming\npm-cache\number-is-nan
339 silly vacuum-fs purging C:\Users\thammw\AppData\Roaming\npm-cache\oauth-sign
340 silly vacuum-fs purging C:\Users\thammw\AppData\Roaming\npm-cache\object-assign
341 silly vacuum-fs purging C:\Users\thammw\AppData\Roaming\npm-cache\object-keys
342 silly vacuum-fs purging C:\Users\thammw\AppData\Roaming\npm-cache\once
343 silly vacuum-fs purging C:\Users\thammw\AppData\Roaming\npm-cache\parse-json
344 silly vacuum-fs purging C:\Users\thammw\AppData\Roaming\npm-cache\path-exists
345 silly vacuum-fs purging C:\Users\thammw\AppData\Roaming\npm-cache\path-is-absolute
346 silly vacuum-fs purging C:\Users\thammw\AppData\Roaming\npm-cache\path-type
347 silly vacuum-fs purging C:\Users\thammw\AppData\Roaming\npm-cache\pend
348 silly vacuum-fs purging C:\Users\thammw\AppData\Roaming\npm-cache\pify
349 silly vacuum-fs purging C:\Users\thammw\AppData\Roaming\npm-cache\pinkie
350 silly vacuum-fs purging C:\Users\thammw\AppData\Roaming\npm-cache\pinkie-promise
351 silly vacuum-fs purging C:\Users\thammw\AppData\Roaming\npm-cache\pretty-bytes
352 silly vacuum-fs purging C:\Users\thammw\AppData\Roaming\npm-cache\process-nextick-args
353 silly vacuum-fs purging C:\Users\thammw\AppData\Roaming\npm-cache\progress-stream
354 silly vacuum-fs purging C:\Users\thammw\AppData\Roaming\npm-cache\qs
355 silly vacuum-fs purging C:\Users\thammw\AppData\Roaming\npm-cache\nan
356 silly vacuum-fs purging C:\Users\thammw\AppData\Roaming\npm-cache\read-pkg
357 silly vacuum-fs purging C:\Users\thammw\AppData\Roaming\npm-cache\read-pkg-up
358 silly vacuum-fs purging C:\Users\thammw\AppData\Roaming\npm-cache\redent
359 silly vacuum-fs purging C:\Users\thammw\AppData\Roaming\npm-cache\readable-stream
360 silly vacuum-fs purging C:\Users\thammw\AppData\Roaming\npm-cache\registry.npmjs.org
361 silly vacuum-fs purging C:\Users\thammw\AppData\Roaming\npm-cache\repeating
362 silly vacuum-fs purging C:\Users\thammw\AppData\Roaming\npm-cache\request
363 silly vacuum-fs purging C:\Users\thammw\AppData\Roaming\npm-cache\rimraf
364 silly vacuum-fs purging C:\Users\thammw\AppData\Roaming\npm-cache\semver
365 silly vacuum-fs purging C:\Users\thammw\AppData\Roaming\npm-cache\single-line-log
366 silly vacuum-fs purging C:\Users\thammw\AppData\Roaming\npm-cache\sntp
367 silly vacuum-fs purging C:\Users\thammw\AppData\Roaming\npm-cache\spdx-correct
368 silly vacuum-fs purging C:\Users\thammw\AppData\Roaming\npm-cache\robotjs
369 silly vacuum-fs purging C:\Users\thammw\AppData\Roaming\npm-cache\spdx-exceptions
370 silly vacuum-fs purging C:\Users\thammw\AppData\Roaming\npm-cache\spdx-expression-parse
371 silly vacuum-fs purging C:\Users\thammw\AppData\Roaming\npm-cache\spdx-license-ids
372 silly vacuum-fs purging C:\Users\thammw\AppData\Roaming\npm-cache\speedometer
373 silly vacuum-fs purging C:\Users\thammw\AppData\Roaming\npm-cache\string_decoder
374 silly vacuum-fs purging C:\Users\thammw\AppData\Roaming\npm-cache\stringstream
375 silly vacuum-fs purging C:\Users\thammw\AppData\Roaming\npm-cache\strip-ansi
376 silly vacuum-fs purging C:\Users\thammw\AppData\Roaming\npm-cache\strip-bom
377 silly vacuum-fs purging C:\Users\thammw\AppData\Roaming\npm-cache\strip-indent
378 silly vacuum-fs purging C:\Users\thammw\AppData\Roaming\npm-cache\supports-color
379 silly vacuum-fs purging C:\Users\thammw\AppData\Roaming\npm-cache\throttleit
380 silly vacuum-fs purging C:\Users\thammw\AppData\Roaming\npm-cache\through2
381 silly vacuum-fs purging C:\Users\thammw\AppData\Roaming\npm-cache\tough-cookie
382 silly vacuum-fs purging C:\Users\thammw\AppData\Roaming\npm-cache\trim-newlines
383 silly vacuum-fs purging C:\Users\thammw\AppData\Roaming\npm-cache\tunnel-agent
384 silly vacuum-fs purging C:\Users\thammw\AppData\Roaming\npm-cache\typedarray
385 silly vacuum-fs purging C:\Users\thammw\AppData\Roaming\npm-cache\util-deprecate
386 silly vacuum-fs purging C:\Users\thammw\AppData\Roaming\npm-cache\validate-npm-package-license
387 silly vacuum-fs purging C:\Users\thammw\AppData\Roaming\npm-cache\wrappy
388 silly vacuum-fs purging C:\Users\thammw\AppData\Roaming\npm-cache\xtend
389 silly vacuum-fs purging C:\Users\thammw\AppData\Roaming\npm-cache\yauzl
390 silly vacuum-fs quitting because other entries in C:\Users\thammw\AppData\Roaming\npm-cache
391 silly vacuum-fs quitting because other entries in C:\Users\thammw\AppData\Roaming\npm-cache
392 silly vacuum-fs quitting because other entries in C:\Users\thammw\AppData\Roaming\npm-cache
393 silly vacuum-fs quitting because other entries in C:\Users\thammw\AppData\Roaming\npm-cache
394 silly vacuum-fs quitting because other entries in C:\Users\thammw\AppData\Roaming\npm-cache
395 silly vacuum-fs quitting because other entries in C:\Users\thammw\AppData\Roaming\npm-cache
396 silly vacuum-fs quitting because other entries in C:\Users\thammw\AppData\Roaming\npm-cache
397 silly vacuum-fs quitting because other entries in C:\Users\thammw\AppData\Roaming\npm-cache
398 silly vacuum-fs quitting because other entries in C:\Users\thammw\AppData\Roaming\npm-cache
399 silly vacuum-fs quitting because other entries in C:\Users\thammw\AppData\Roaming\npm-cache
400 silly vacuum-fs quitting because other entries in C:\Users\thammw\AppData\Roaming\npm-cache
401 silly vacuum-fs quitting because other entries in C:\Users\thammw\AppData\Roaming\npm-cache
402 silly vacuum-fs quitting because other entries in C:\Users\thammw\AppData\Roaming\npm-cache
403 silly vacuum-fs quitting because other entries in C:\Users\thammw\AppData\Roaming\npm-cache
404 silly vacuum-fs quitting because other entries in C:\Users\thammw\AppData\Roaming\npm-cache
405 silly vacuum-fs quitting because other entries in C:\Users\thammw\AppData\Roaming\npm-cache
406 silly vacuum-fs quitting because other entries in C:\Users\thammw\AppData\Roaming\npm-cache
407 silly vacuum-fs quitting because other entries in C:\Users\thammw\AppData\Roaming\npm-cache
408 silly vacuum-fs quitting because other entries in C:\Users\thammw\AppData\Roaming\npm-cache
409 silly vacuum-fs quitting because other entries in C:\Users\thammw\AppData\Roaming\npm-cache
410 silly vacuum-fs quitting because other entries in C:\Users\thammw\AppData\Roaming\npm-cache
411 silly vacuum-fs quitting because other entries in C:\Users\thammw\AppData\Roaming\npm-cache
412 silly vacuum-fs quitting because other entries in C:\Users\thammw\AppData\Roaming\npm-cache
413 silly vacuum-fs quitting because other entries in C:\Users\thammw\AppData\Roaming\npm-cache
414 silly vacuum-fs quitting because other entries in C:\Users\thammw\AppData\Roaming\npm-cache
415 silly vacuum-fs quitting because other entries in C:\Users\thammw\AppData\Roaming\npm-cache
416 silly vacuum-fs quitting because other entries in C:\Users\thammw\AppData\Roaming\npm-cache
417 silly vacuum-fs quitting because other entries in C:\Users\thammw\AppData\Roaming\npm-cache
418 silly vacuum-fs quitting because other entries in C:\Users\thammw\AppData\Roaming\npm-cache
419 silly vacuum-fs quitting because other entries in C:\Users\thammw\AppData\Roaming\npm-cache
420 silly vacuum-fs quitting because other entries in C:\Users\thammw\AppData\Roaming\npm-cache
421 silly vacuum-fs quitting because other entries in C:\Users\thammw\AppData\Roaming\npm-cache
422 silly vacuum-fs quitting because other entries in C:\Users\thammw\AppData\Roaming\npm-cache
423 silly vacuum-fs quitting because other entries in C:\Users\thammw\AppData\Roaming\npm-cache
424 silly vacuum-fs quitting because other entries in C:\Users\thammw\AppData\Roaming\npm-cache
425 silly vacuum-fs quitting because other entries in C:\Users\thammw\AppData\Roaming\npm-cache
426 silly vacuum-fs quitting because other entries in C:\Users\thammw\AppData\Roaming\npm-cache
427 silly vacuum-fs quitting because other entries in C:\Users\thammw\AppData\Roaming\npm-cache
428 silly vacuum-fs quitting because other entries in C:\Users\thammw\AppData\Roaming\npm-cache
429 silly vacuum-fs quitting because other entries in C:\Users\thammw\AppData\Roaming\npm-cache
430 silly vacuum-fs quitting because other entries in C:\Users\thammw\AppData\Roaming\npm-cache
431 silly vacuum-fs quitting because other entries in C:\Users\thammw\AppData\Roaming\npm-cache
432 silly vacuum-fs quitting because other entries in C:\Users\thammw\AppData\Roaming\npm-cache
433 silly vacuum-fs quitting because other entries in C:\Users\thammw\AppData\Roaming\npm-cache
434 silly vacuum-fs quitting because other entries in C:\Users\thammw\AppData\Roaming\npm-cache
435 silly vacuum-fs quitting because other entries in C:\Users\thammw\AppData\Roaming\npm-cache
436 silly vacuum-fs quitting because other entries in C:\Users\thammw\AppData\Roaming\npm-cache
437 silly vacuum-fs quitting because other entries in C:\Users\thammw\AppData\Roaming\npm-cache
438 silly vacuum-fs quitting because other entries in C:\Users\thammw\AppData\Roaming\npm-cache
439 silly vacuum-fs quitting because other entries in C:\Users\thammw\AppData\Roaming\npm-cache
440 silly vacuum-fs quitting because other entries in C:\Users\thammw\AppData\Roaming\npm-cache
441 silly vacuum-fs quitting because other entries in C:\Users\thammw\AppData\Roaming\npm-cache
442 silly vacuum-fs quitting because other entries in C:\Users\thammw\AppData\Roaming\npm-cache
443 silly vacuum-fs quitting because other entries in C:\Users\thammw\AppData\Roaming\npm-cache
444 silly vacuum-fs quitting because other entries in C:\Users\thammw\AppData\Roaming\npm-cache
445 silly vacuum-fs quitting because other entries in C:\Users\thammw\AppData\Roaming\npm-cache
446 silly vacuum-fs quitting because other entries in C:\Users\thammw\AppData\Roaming\npm-cache
447 silly vacuum-fs quitting because other entries in C:\Users\thammw\AppData\Roaming\npm-cache
448 silly vacuum-fs quitting because other entries in C:\Users\thammw\AppData\Roaming\npm-cache
449 silly vacuum-fs quitting because other entries in C:\Users\thammw\AppData\Roaming\npm-cache
450 silly vacuum-fs quitting because other entries in C:\Users\thammw\AppData\Roaming\npm-cache
451 silly vacuum-fs quitting because other entries in C:\Users\thammw\AppData\Roaming\npm-cache
452 silly vacuum-fs quitting because other entries in C:\Users\thammw\AppData\Roaming\npm-cache
453 silly vacuum-fs quitting because other entries in C:\Users\thammw\AppData\Roaming\npm-cache
454 silly vacuum-fs quitting because other entries in C:\Users\thammw\AppData\Roaming\npm-cache
455 silly vacuum-fs quitting because other entries in C:\Users\thammw\AppData\Roaming\npm-cache
456 silly vacuum-fs quitting because other entries in C:\Users\thammw\AppData\Roaming\npm-cache
457 silly vacuum-fs quitting because other entries in C:\Users\thammw\AppData\Roaming\npm-cache
458 silly vacuum-fs quitting because other entries in C:\Users\thammw\AppData\Roaming\npm-cache
459 silly vacuum-fs quitting because other entries in C:\Users\thammw\AppData\Roaming\npm-cache
460 silly vacuum-fs quitting because other entries in C:\Users\thammw\AppData\Roaming\npm-cache
461 silly vacuum-fs quitting because other entries in C:\Users\thammw\AppData\Roaming\npm-cache
462 silly vacuum-fs quitting because other entries in C:\Users\thammw\AppData\Roaming\npm-cache
463 silly vacuum-fs quitting because other entries in C:\Users\thammw\AppData\Roaming\npm-cache
464 silly vacuum-fs quitting because other entries in C:\Users\thammw\AppData\Roaming\npm-cache
465 silly vacuum-fs quitting because other entries in C:\Users\thammw\AppData\Roaming\npm-cache
466 silly vacuum-fs quitting because other entries in C:\Users\thammw\AppData\Roaming\npm-cache
467 silly vacuum-fs quitting because other entries in C:\Users\thammw\AppData\Roaming\npm-cache
468 silly vacuum-fs quitting because other entries in C:\Users\thammw\AppData\Roaming\npm-cache
469 silly vacuum-fs quitting because other entries in C:\Users\thammw\AppData\Roaming\npm-cache
470 silly vacuum-fs quitting because other entries in C:\Users\thammw\AppData\Roaming\npm-cache
471 silly vacuum-fs quitting because other entries in C:\Users\thammw\AppData\Roaming\npm-cache
472 silly vacuum-fs quitting because other entries in C:\Users\thammw\AppData\Roaming\npm-cache
473 silly vacuum-fs quitting because other entries in C:\Users\thammw\AppData\Roaming\npm-cache
474 silly vacuum-fs quitting because other entries in C:\Users\thammw\AppData\Roaming\npm-cache
475 silly vacuum-fs quitting because other entries in C:\Users\thammw\AppData\Roaming\npm-cache
476 silly vacuum-fs quitting because other entries in C:\Users\thammw\AppData\Roaming\npm-cache
477 silly vacuum-fs quitting because other entries in C:\Users\thammw\AppData\Roaming\npm-cache
478 silly vacuum-fs quitting because other entries in C:\Users\thammw\AppData\Roaming\npm-cache
479 silly vacuum-fs quitting because other entries in C:\Users\thammw\AppData\Roaming\npm-cache
480 silly vacuum-fs quitting because other entries in C:\Users\thammw\AppData\Roaming\npm-cache
481 silly vacuum-fs quitting because other entries in C:\Users\thammw\AppData\Roaming\npm-cache
482 silly vacuum-fs quitting because other entries in C:\Users\thammw\AppData\Roaming\npm-cache
483 silly vacuum-fs quitting because other entries in C:\Users\thammw\AppData\Roaming\npm-cache
484 silly vacuum-fs quitting because other entries in C:\Users\thammw\AppData\Roaming\npm-cache
485 silly vacuum-fs quitting because other entries in C:\Users\thammw\AppData\Roaming\npm-cache
486 silly vacuum-fs quitting because other entries in C:\Users\thammw\AppData\Roaming\npm-cache
487 silly vacuum-fs quitting because other entries in C:\Users\thammw\AppData\Roaming\npm-cache
488 silly vacuum-fs quitting because other entries in C:\Users\thammw\AppData\Roaming\npm-cache
489 silly vacuum-fs quitting because other entries in C:\Users\thammw\AppData\Roaming\npm-cache
490 silly vacuum-fs quitting because other entries in C:\Users\thammw\AppData\Roaming\npm-cache
491 silly vacuum-fs quitting because other entries in C:\Users\thammw\AppData\Roaming\npm-cache
492 silly vacuum-fs quitting because other entries in C:\Users\thammw\AppData\Roaming\npm-cache
493 silly vacuum-fs removing C:\Users\thammw\AppData\Roaming\npm-cache
494 silly vacuum-fs removing C:\Users\thammw\AppData\Roaming\npm-cache
495 silly vacuum-fs removing C:\Users\thammw\AppData\Roaming\npm-cache
496 silly vacuum-fs removing C:\Users\thammw\AppData\Roaming\npm-cache
497 silly vacuum-fs removing C:\Users\thammw\AppData\Roaming\npm-cache
498 silly vacuum-fs removing C:\Users\thammw\AppData\Roaming\npm-cache
499 silly vacuum-fs removing C:\Users\thammw\AppData\Roaming\npm-cache
500 silly vacuum-fs removing C:\Users\thammw\AppData\Roaming\npm-cache
501 silly vacuum-fs removing C:\Users\thammw\AppData\Roaming\npm-cache
502 silly vacuum-fs removing C:\Users\thammw\AppData\Roaming\npm-cache
503 silly vacuum-fs removing C:\Users\thammw\AppData\Roaming\npm-cache
504 silly vacuum-fs removing C:\Users\thammw\AppData\Roaming\npm-cache
505 silly vacuum-fs removing C:\Users\thammw\AppData\Roaming\npm-cache
506 silly vacuum-fs removing C:\Users\thammw\AppData\Roaming\npm-cache
507 silly vacuum-fs removing C:\Users\thammw\AppData\Roaming\npm-cache
508 silly vacuum-fs removing C:\Users\thammw\AppData\Roaming\npm-cache
509 silly vacuum-fs removing C:\Users\thammw\AppData\Roaming\npm-cache
510 silly vacuum-fs removing C:\Users\thammw\AppData\Roaming\npm-cache
511 silly vacuum-fs removing C:\Users\thammw\AppData\Roaming\npm-cache
512 silly vacuum-fs removing C:\Users\thammw\AppData\Roaming\npm-cache
513 silly vacuum-fs removing C:\Users\thammw\AppData\Roaming\npm-cache
514 silly vacuum-fs removing C:\Users\thammw\AppData\Roaming\npm-cache
515 silly vacuum-fs removing C:\Users\thammw\AppData\Roaming\npm-cache
516 silly vacuum-fs removing C:\Users\thammw\AppData\Roaming\npm-cache
517 silly vacuum-fs removing C:\Users\thammw\AppData\Roaming\npm-cache
518 silly vacuum-fs unable to remove C:\Users\thammw\AppData\Roaming\npm-cache due to EPERM, rmdir 'C:\Users\thammw\AppData\Roaming\npm-cache'
519 silly vacuum-fs unable to remove C:\Users\thammw\AppData\Roaming\npm-cache due to EPERM, rmdir 'C:\Users\thammw\AppData\Roaming\npm-cache'
520 silly vacuum-fs quitting because lost the race to remove C:\Users\thammw\AppData\Roaming\npm-cache
521 silly vacuum-fs quitting because lost the race to remove C:\Users\thammw\AppData\Roaming\npm-cache
522 silly vacuum-fs quitting because lost the race to remove C:\Users\thammw\AppData\Roaming\npm-cache
523 silly vacuum-fs quitting because lost the race to remove C:\Users\thammw\AppData\Roaming\npm-cache
524 silly vacuum-fs quitting because lost the race to remove C:\Users\thammw\AppData\Roaming\npm-cache
525 silly vacuum-fs quitting because lost the race to remove C:\Users\thammw\AppData\Roaming\npm-cache
526 silly vacuum-fs quitting because lost the race to remove C:\Users\thammw\AppData\Roaming\npm-cache
527 silly vacuum-fs quitting because lost the race to remove C:\Users\thammw\AppData\Roaming\npm-cache
528 silly vacuum-fs quitting because lost the race to remove C:\Users\thammw\AppData\Roaming\npm-cache
529 silly vacuum-fs quitting because lost the race to remove C:\Users\thammw\AppData\Roaming\npm-cache
530 silly vacuum-fs quitting because lost the race to remove C:\Users\thammw\AppData\Roaming\npm-cache
531 silly vacuum-fs quitting because lost the race to remove C:\Users\thammw\AppData\Roaming\npm-cache
532 silly vacuum-fs quitting because lost the race to remove C:\Users\thammw\AppData\Roaming\npm-cache
533 silly vacuum-fs quitting because lost the race to remove C:\Users\thammw\AppData\Roaming\npm-cache
534 silly vacuum-fs quitting because lost the race to remove C:\Users\thammw\AppData\Roaming\npm-cache
535 silly vacuum-fs quitting because lost the race to remove C:\Users\thammw\AppData\Roaming\npm-cache
536 silly vacuum-fs quitting because lost the race to remove C:\Users\thammw\AppData\Roaming\npm-cache
537 silly vacuum-fs quitting because lost the race to remove C:\Users\thammw\AppData\Roaming\npm-cache
538 silly vacuum-fs quitting because lost the race to remove C:\Users\thammw\AppData\Roaming\npm-cache
539 silly vacuum-fs quitting because lost the race to remove C:\Users\thammw\AppData\Roaming\npm-cache
540 silly vacuum-fs quitting because other entries in C:\Users\thammw\AppData\Roaming
541 silly vacuum-fs quitting because other entries in C:\Users\thammw\AppData\Roaming
542 verbose stack Error: EPERM, rmdir 'C:\Users\thammw\AppData\Roaming\npm-cache'
542 verbose stack     at Error (native)
543 verbose cwd C:\Users\thammw\Documents\Electron_Precheck_Parser\MyApp
544 error Windows_NT 6.1.7601
545 error argv "C:\\Program Files\\nodejs\\\\node.exe" "C:\\Program Files\\nodejs\\node_modules\\npm\\bin\\npm-cli.js" "cache" "clean" "-f"
546 error node v0.12.7
547 error npm  v2.11.3
548 error path C:\Users\thammw\AppData\Roaming\npm-cache
549 error code EPERM
550 error errno -4048
551 error Error: EPERM, rmdir 'C:\Users\thammw\AppData\Roaming\npm-cache'
551 error     at Error (native)
551 error  { [Error: EPERM, rmdir 'C:\Users\thammw\AppData\Roaming\npm-cache']
551 error   errno: -4048,
551 error   code: 'EPERM',
551 error   path: 'C:\\Users\\thammw\\AppData\\Roaming\\npm-cache' }
552 error Please try running this command again as root/Administrator.
553 verbose exit [ -4048, true ]
